#
# There is insufficient memory for the Java Runtime Environment to continue.
# Native memory allocation (malloc) failed to allocate 1048576 bytes for AllocateHeap
# Possible reasons:
#   The system is out of physical RAM or swap space
#   The process is running with CompressedOops enabled, and the Java Heap may be blocking the growth of the native heap
# Possible solutions:
#   Reduce memory load on the system
#   Increase physical memory or swap space
#   Check if swap backing store is full
#   Decrease Java heap size (-Xmx/-Xms)
#   Decrease number of Java threads
#   Decrease Java thread stack sizes (-Xss)
#   Set larger code cache with -XX:ReservedCodeCacheSize=
#   JVM is running with Zero Based Compressed Oops mode in which the Java heap is
#     placed in the first 32GB address space. The Java Heap base address is the
#     maximum limit for the native heap growth. Please use -XX:HeapBaseMinAddress
#     to set the Java Heap base and to place the Java Heap above 32GB virtual address.
# This output file may be truncated or incomplete.
#
#  Out of Memory Error (memory/allocation.inline.hpp:61), pid=14484, tid=0x0000000000006e68
#
# JRE version:  (8.0_231-b11) (build )
# Java VM: Java HotSpot(TM) 64-Bit Server VM (25.231-b11 mixed mode windows-amd64 compressed oops)
# Failed to write core dump. Minidumps are not enabled by default on client versions of Windows
#

---------------  T H R E A D  ---------------

Current thread (0x000000000296e800):  JavaThread "Unknown thread" [_thread_in_vm, id=28264, stack(0x0000000002970000,0x0000000002a70000)]

Stack: [0x0000000002970000,0x0000000002a70000]
[error occurred during error reporting (printing stack bounds), id 0xc0000005]

Native frames: (J=compiled Java code, j=interpreted, Vv=VM code, C=native code)


---------------  P R O C E S S  ---------------

Java Threads: ( => current thread )

Other Threads:

=>0x000000000296e800 (exited) JavaThread "Unknown thread" [_thread_in_vm, id=28264, stack(0x0000000002970000,0x0000000002a70000)]

VM state:not at safepoint (normal execution)

VM Mutex/Monitor currently owned by a thread: None

heap address: 0x00000006c2600000, size: 4058 MB, Compressed Oops mode: Zero based, Oop shift amount: 3
Narrow klass base: 0x0000000000000000, Narrow klass shift: 3
Compressed class space size: 1073741824 Address: 0x00000007c0000000

Heap:
 PSYoungGen      total 75776K, used 1300K [0x000000076b780000, 0x0000000770c00000, 0x00000007c0000000)
  eden space 65024K, 2% used [0x000000076b780000,0x000000076b8c51f8,0x000000076f700000)
  from space 10752K, 0% used [0x0000000770180000,0x0000000770180000,0x0000000770c00000)
  to   space 10752K, 0% used [0x000000076f700000,0x000000076f700000,0x0000000770180000)
 ParOldGen       total 173568K, used 0K [0x00000006c2600000, 0x00000006ccf80000, 0x000000076b780000)
  object space 173568K, 0% used [0x00000006c2600000,0x00000006c2600000,0x00000006ccf80000)
 Metaspace       used 787K, capacity 4480K, committed 4480K, reserved 1056768K
  class space    used 76K, capacity 384K, committed 384K, reserved 1048576K

Card table byte_map: [0x0000000012430000,0x0000000012c20000] byte_map_base: 0x000000000ee1d000

Marking Bits: (ParMarkBitMap*) 0x0000000077b06d90
 Begin Bits: [0x0000000013970000, 0x00000000178d8000)
 End Bits:   [0x00000000178d8000, 0x000000001b840000)

Polling page: 0x0000000000c50000

CodeCache: size=245760Kb used=328Kb max_used=328Kb free=245431Kb
 bounds [0x0000000003070000, 0x00000000032e0000, 0x0000000012070000]
 total_blobs=58 nmethods=0 adapters=38
 compilation: enabled

Compilation events (0 events):
No events

GC Heap History (0 events):
No events

Deoptimization events (0 events):
No events

Classes redefined (0 events):
No events

Internal exceptions (0 events):
No events

Events (10 events):
Event: 0.031 loading class java/lang/Short
Event: 0.031 loading class java/lang/Short done
Event: 0.031 loading class java/lang/Integer
Event: 0.031 loading class java/lang/Integer done
Event: 0.031 loading class java/lang/Long
Event: 0.031 loading class java/lang/Long done
Event: 0.032 loading class java/lang/NullPointerException
Event: 0.032 loading class java/lang/NullPointerException done
Event: 0.032 loading class java/lang/ArithmeticException
Event: 0.032 loading class java/lang/ArithmeticException done


Dynamic libraries:
0x00007ff746560000 - 0x00007ff746597000 	D:\software\java\jdk\bin\java.exe
0x00007ffa7dc40000 - 0x00007ffa7de30000 	C:\WINDOWS\SYSTEM32\ntdll.dll
0x00007ffa7d470000 - 0x00007ffa7d522000 	C:\WINDOWS\System32\KERNEL32.DLL
0x00007ffa7afe0000 - 0x00007ffa7b285000 	C:\WINDOWS\System32\KERNELBASE.dll
0x00007ffa7d690000 - 0x00007ffa7d733000 	C:\WINDOWS\System32\ADVAPI32.dll
0x00007ffa7d910000 - 0x00007ffa7d9ae000 	C:\WINDOWS\System32\msvcrt.dll
0x00007ffa7daf0000 - 0x00007ffa7db87000 	C:\WINDOWS\System32\sechost.dll
0x00007ffa7d7f0000 - 0x00007ffa7d910000 	C:\WINDOWS\System32\RPCRT4.dll
0x00007ffa7ca30000 - 0x00007ffa7cbc5000 	C:\WINDOWS\System32\USER32.dll
0x00007ffa7af80000 - 0x00007ffa7afa1000 	C:\WINDOWS\System32\win32u.dll
0x00007ffa7d370000 - 0x00007ffa7d396000 	C:\WINDOWS\System32\GDI32.dll
0x00007ffa7ade0000 - 0x00007ffa7af76000 	C:\WINDOWS\System32\gdi32full.dll
0x00007ffa7b360000 - 0x00007ffa7b3fe000 	C:\WINDOWS\System32\msvcp_win.dll
0x00007ffa7ac80000 - 0x00007ffa7ad7a000 	C:\WINDOWS\System32\ucrtbase.dll
0x00007ffa5a460000 - 0x00007ffa5a6e4000 	C:\WINDOWS\WinSxS\amd64_microsoft.windows.common-controls_6595b64144ccf1df_6.0.18362.1082_none_9e8193e1e45b25c1\COMCTL32.dll
0x00007ffa7bd90000 - 0x00007ffa7c0c5000 	C:\WINDOWS\System32\combase.dll
0x00007ffa7b290000 - 0x00007ffa7b310000 	C:\WINDOWS\System32\bcryptPrimitives.dll
0x00007ffa7bd60000 - 0x00007ffa7bd8e000 	C:\WINDOWS\System32\IMM32.DLL
0x0000000077b90000 - 0x0000000077c62000 	D:\software\java\jdk\jre\bin\msvcr100.dll
0x00000000772e0000 - 0x0000000077b86000 	D:\software\java\jdk\jre\bin\server\jvm.dll
0x00007ffa7d360000 - 0x00007ffa7d368000 	C:\WINDOWS\System32\PSAPI.DLL
0x00007ffa74700000 - 0x00007ffa74709000 	C:\WINDOWS\SYSTEM32\WSOCK32.dll
0x00007ffa6f1e0000 - 0x00007ffa6f1ea000 	C:\WINDOWS\SYSTEM32\VERSION.dll
0x00007ffa709c0000 - 0x00007ffa709e4000 	C:\WINDOWS\SYSTEM32\WINMM.dll
0x00007ffa7db90000 - 0x00007ffa7dbff000 	C:\WINDOWS\System32\WS2_32.dll
0x00007ffa70910000 - 0x00007ffa7093d000 	C:\WINDOWS\SYSTEM32\WINMMBASE.dll
0x00007ffa7b310000 - 0x00007ffa7b35a000 	C:\WINDOWS\System32\cfgmgr32.dll
0x00007ffa711d0000 - 0x00007ffa711df000 	D:\software\java\jdk\jre\bin\verify.dll
0x00007ffa62570000 - 0x00007ffa62599000 	D:\software\java\jdk\jre\bin\java.dll
0x00007ffa61dc0000 - 0x00007ffa61df5000 	D:\software\java\jdk\jre\bin\jdwp.dll
0x00007ffa651b0000 - 0x00007ffa651b8000 	D:\software\java\jdk\jre\bin\npt.dll
0x00007ffa61d90000 - 0x00007ffa61db3000 	D:\software\java\jdk\jre\bin\instrument.dll
0x00007ffa624f0000 - 0x00007ffa62506000 	D:\software\java\jdk\jre\bin\zip.dll

VM Arguments:
jvm_args: -agentlib:jdwp=transport=dt_socket,address=127.0.0.1:60352,suspend=y,server=n -Dvisualvm.id=26255539831900 -javaagent:C:\Users\15493\AppData\Local\JetBrains\IntelliJIdea2020.2\captureAgent\debugger-agent.jar -Dfile.encoding=UTF-8 
java_command: Test
java_class_path (initial): D:\software\java\jdk\jre\lib\charsets.jar;D:\software\java\jdk\jre\lib\deploy.jar;D:\software\java\jdk\jre\lib\ext\access-bridge-64.jar;D:\software\java\jdk\jre\lib\ext\cldrdata.jar;D:\software\java\jdk\jre\lib\ext\dnsns.jar;D:\software\java\jdk\jre\lib\ext\jaccess.jar;D:\software\java\jdk\jre\lib\ext\jfxrt.jar;D:\software\java\jdk\jre\lib\ext\localedata.jar;D:\software\java\jdk\jre\lib\ext\nashorn.jar;D:\software\java\jdk\jre\lib\ext\sunec.jar;D:\software\java\jdk\jre\lib\ext\sunjce_provider.jar;D:\software\java\jdk\jre\lib\ext\sunmscapi.jar;D:\software\java\jdk\jre\lib\ext\sunpkcs11.jar;D:\software\java\jdk\jre\lib\ext\zipfs.jar;D:\software\java\jdk\jre\lib\javaws.jar;D:\software\java\jdk\jre\lib\jce.jar;D:\software\java\jdk\jre\lib\jfr.jar;D:\software\java\jdk\jre\lib\jfxswt.jar;D:\software\java\jdk\jre\lib\jsse.jar;D:\software\java\jdk\jre\lib\management-agent.jar;D:\software\java\jdk\jre\lib\plugin.jar;D:\software\java\jdk\jre\lib\resources.jar;D:\software\java\jdk\jre\lib\rt.jar;D:\projects\myProjects\learn\learnclass\target\classes;D:\software\maven-repository\org\projectlombok\lombok\1.18.12\lombok-1.18.12.jar;D:\software\maven-repository\junit\junit\4.12\junit-4.12.jar;D:\software\maven-repository\org\hamcrest\hamcrest-core\2.2\hamcrest-core-2.2.jar;D:\software\maven-repository\org\hamcrest\hamcrest\2.2\hamcrest-2.2.jar;C:\Users\15493\Desktop\jclasslib_windows_3_1\jclasslib\lib-compile\antnbm.jar;C:\Users\15493\Desktop\jclasslib_windows_3_1\jclasslib\bin\jclasslib.jar;D:\software\idea\IntelliJ IDEA 2020.2.1\lib\idea_rt.jar;C:\Users\15493\AppData\Local\JetBrains\IntelliJIdea2020.2\captureAgent\debugger-agent.jar
Launcher Type: SUN_STANDARD

Environment Variables:
JAVA_HOME=D:\software\java\jdk
CLASSPATH=.;D:\software\java\jdk\lib;D:\software\java\jdk\lib\tools.jar
PATH=D:\software\Python3\Scripts\;D:\software\Python3\;D:\software\Xshell6\;C:\Program Files (x86)\Common Files\Oracle\Java\javapath;C:\Windows\system32;C:\Windows;C:\Windows\System32\Wbem;C:\Windows\System32\WindowsPowerShell\v1.0\;C:\Windows\System32\OpenSSH\;C:\Program Files (x86)\NVIDIA Corporation\PhysX\Common;C:\Program Files\NVIDIA Corporation\NVIDIA NvDLISR;C:\WINDOWS\system32;C:\WINDOWS;C:\WINDOWS\System32\Wbem;C:\WINDOWS\System32\WindowsPowerShell\v1.0\;C:\WINDOWS\System32\OpenSSH\;D:\software\TortoiseSVN\bin;";D:\software\java\jdk\bin;D:\software\java\jdk\jre\bin";C:\Program Files\nodejs\;C:\ProgramData\chocolatey\bin;D:\software\apache-maven-3.6.1\bin;D:\software\Git\cmd;D:\software\PostgreSQL\pg10\bin;D:\software\RabbitMQServer\rabbitmq_server-3.8.8\sbin;D:\software\erLang\erl9.3\bin;D:\software\redis\;C:\Users\15493\AppData\Local\Microsoft\WindowsApps;;D:\software\VSCode\Microsoft VS Code\bin;C:\Users\15493\AppData\Roaming\npm
USERNAME=15493
OS=Windows_NT
PROCESSOR_IDENTIFIER=Intel64 Family 6 Model 158 Stepping 10, GenuineIntel



---------------  S Y S T E M  ---------------

OS: Windows 10.0 , 64 bit Build 18362 (10.0.18362.1082)

CPU:total 8 (initial active 8) (4 cores per cpu, 2 threads per core) family 6 model 158 stepping 10, cmov, cx8, fxsr, mmx, sse, sse2, sse3, ssse3, sse4.1, sse4.2, popcnt, avx, avx2, aes, clmul, erms, 3dnowpref, lzcnt, ht, tsc, tscinvbit, bmi1, bmi2, adx

Memory: 4k page, physical 16614744k(4533000k free), swap 17663320k(6072k free)

vm_info: Java HotSpot(TM) 64-Bit Server VM (25.231-b11) for windows-amd64 JRE (1.8.0_231-b11), built on Oct  5 2019 03:11:30 by "java_re" with MS VC++ 10.0 (VS2010)

time: Tue Sep 15 16:16:58 2020
timezone: 中国标准时间
elapsed time: 0 seconds (0d 0h 0m 0s)

